This is pdfTeX, Version 3.141592653-2.6-1.40.26 (TeX Live 2024/nixos.org) (preloaded format=pdflatex 1980.1.1)  27 DEC 2024 20:24
entering extended mode
 restricted \write18 enabled.
 file:line:error style messages enabled.
 %&-line parsing enabled.
**/home/forkkillet/log/math/math-rw-5.tex
(/home/forkkillet/log/math/math-rw-5.tex
LaTeX2e <2024-06-01> patch level 2
L3 programming layer <2024-10-09>
(/nix/store/0jql6cn8jrks2l11dkisx5rl7nggaybg-texlive-2024-env-texmfdist/tex/latex/base/article.cls
Document Class: article 2024/02/08 v1.4n Standard LaTeX document class
(/nix/store/0jql6cn8jrks2l11dkisx5rl7nggaybg-texlive-2024-env-texmfdist/tex/latex/base/size10.clo
File: size10.clo 2024/02/08 v1.4n Standard LaTeX file (size option)
)
\c@part=\count194
\c@section=\count195
\c@subsection=\count196
\c@subsubsection=\count197
\c@paragraph=\count198
\c@subparagraph=\count199
\c@figure=\count266
\c@table=\count267
\abovecaptionskip=\skip49
\belowcaptionskip=\skip50
\bibindent=\dimen141
) (/nix/store/0jql6cn8jrks2l11dkisx5rl7nggaybg-texlive-2024-env-texmfdist/tex/latex/amsmath/amsmath.sty
Package: amsmath 2024/05/23 v2.17q AMS math features
\@mathmargin=\skip51

For additional information on amsmath, use the `?' option.
(/nix/store/0jql6cn8jrks2l11dkisx5rl7nggaybg-texlive-2024-env-texmfdist/tex/latex/amsmath/amstext.sty
Package: amstext 2021/08/26 v2.01 AMS text
 (/nix/store/0jql6cn8jrks2l11dkisx5rl7nggaybg-texlive-2024-env-texmfdist/tex/latex/amsmath/amsgen.sty
File: amsgen.sty 1999/11/30 v2.0 generic functions
\@emptytoks=\toks17
\ex@=\dimen142
)) (/nix/store/0jql6cn8jrks2l11dkisx5rl7nggaybg-texlive-2024-env-texmfdist/tex/latex/amsmath/amsbsy.sty
Package: amsbsy 1999/11/29 v1.2d Bold Symbols
\pmbraise@=\dimen143
) (/nix/store/0jql6cn8jrks2l11dkisx5rl7nggaybg-texlive-2024-env-texmfdist/tex/latex/amsmath/amsopn.sty
Package: amsopn 2022/04/08 v2.04 operator names
)
\inf@bad=\count268
LaTeX Info: Redefining \frac on input line 233.
\uproot@=\count269
\leftroot@=\count270
LaTeX Info: Redefining \overline on input line 398.
LaTeX Info: Redefining \colon on input line 409.
\classnum@=\count271
\DOTSCASE@=\count272
LaTeX Info: Redefining \ldots on input line 495.
LaTeX Info: Redefining \dots on input line 498.
LaTeX Info: Redefining \cdots on input line 619.
\Mathstrutbox@=\box52
\strutbox@=\box53
LaTeX Info: Redefining \big on input line 721.
LaTeX Info: Redefining \Big on input line 722.
LaTeX Info: Redefining \bigg on input line 723.
LaTeX Info: Redefining \Bigg on input line 724.
\big@size=\dimen144
LaTeX Font Info:    Redeclaring font encoding OML on input line 742.
LaTeX Font Info:    Redeclaring font encoding OMS on input line 743.
\macc@depth=\count273
LaTeX Info: Redefining \bmod on input line 904.
LaTeX Info: Redefining \pmod on input line 909.
LaTeX Info: Redefining \smash on input line 939.
LaTeX Info: Redefining \relbar on input line 969.
LaTeX Info: Redefining \Relbar on input line 970.
\c@MaxMatrixCols=\count274
\dotsspace@=\muskip17
\c@parentequation=\count275
\dspbrk@lvl=\count276
\tag@help=\toks18
\row@=\count277
\column@=\count278
\maxfields@=\count279
\andhelp@=\toks19
\eqnshift@=\dimen145
\alignsep@=\dimen146
\tagshift@=\dimen147
\tagwidth@=\dimen148
\totwidth@=\dimen149
\lineht@=\dimen150
\@envbody=\toks20
\multlinegap=\skip52
\multlinetaggap=\skip53
\mathdisplay@stack=\toks21
LaTeX Info: Redefining \[ on input line 2953.
LaTeX Info: Redefining \] on input line 2954.
) (/nix/store/0jql6cn8jrks2l11dkisx5rl7nggaybg-texlive-2024-env-texmfdist/tex/latex/xcolor/xcolor.sty
Package: xcolor 2024/09/29 v3.02 LaTeX color extensions (UK)
 (/nix/store/0jql6cn8jrks2l11dkisx5rl7nggaybg-texlive-2024-env-texmfdist/tex/latex/graphics-cfg/color.cfg
File: color.cfg 2016/01/02 v1.6 sample color configuration
)
Package xcolor Info: Driver file: pdftex.def on input line 274.
 (/nix/store/0jql6cn8jrks2l11dkisx5rl7nggaybg-texlive-2024-env-texmfdist/tex/latex/graphics-def/pdftex.def
File: pdftex.def 2024/04/13 v1.2c Graphics/color driver for pdftex
) (/nix/store/0jql6cn8jrks2l11dkisx5rl7nggaybg-texlive-2024-env-texmfdist/tex/latex/graphics/mathcolor.ltx)
Package xcolor Info: Model `cmy' substituted by `cmy0' on input line 1349.
Package xcolor Info: Model `hsb' substituted by `rgb' on input line 1353.
Package xcolor Info: Model `RGB' extended on input line 1365.
Package xcolor Info: Model `HTML' substituted by `rgb' on input line 1367.
Package xcolor Info: Model `Hsb' substituted by `hsb' on input line 1368.
Package xcolor Info: Model `tHsb' substituted by `hsb' on input line 1369.
Package xcolor Info: Model `HSB' substituted by `hsb' on input line 1370.
Package xcolor Info: Model `Gray' substituted by `gray' on input line 1371.
Package xcolor Info: Model `wave' substituted by `hsb' on input line 1372.
) (/nix/store/0jql6cn8jrks2l11dkisx5rl7nggaybg-texlive-2024-env-texmfdist/tex/latex/l3backend/l3backend-pdftex.def
File: l3backend-pdftex.def 2024-05-08 L3 backend support: PDF output (pdfTeX)
\l__color_backend_stack_int=\count280
\l__pdf_internal_box=\box54
) (./math-rw-5.aux)
\openout1 = `math-rw-5.aux'.

LaTeX Font Info:    Checking defaults for OML/cmm/m/it on input line 6.
LaTeX Font Info:    ... okay on input line 6.
LaTeX Font Info:    Checking defaults for OMS/cmsy/m/n on input line 6.
LaTeX Font Info:    ... okay on input line 6.
LaTeX Font Info:    Checking defaults for OT1/cmr/m/n on input line 6.
LaTeX Font Info:    ... okay on input line 6.
LaTeX Font Info:    Checking defaults for T1/cmr/m/n on input line 6.
LaTeX Font Info:    ... okay on input line 6.
LaTeX Font Info:    Checking defaults for TS1/cmr/m/n on input line 6.
LaTeX Font Info:    ... okay on input line 6.
LaTeX Font Info:    Checking defaults for OMX/cmex/m/n on input line 6.
LaTeX Font Info:    ... okay on input line 6.
LaTeX Font Info:    Checking defaults for U/cmr/m/n on input line 6.
LaTeX Font Info:    ... okay on input line 6.
 (/nix/store/0jql6cn8jrks2l11dkisx5rl7nggaybg-texlive-2024-env-texmfdist/tex/context/base/mkii/supp-pdf.mkii
[Loading MPS to PDF converter (version 2006.09.02).]
\scratchcounter=\count281
\scratchdimen=\dimen151
\scratchbox=\box55
\nofMPsegments=\count282
\nofMParguments=\count283
\everyMPshowfont=\toks22
\MPscratchCnt=\count284
\MPscratchDim=\dimen152
\MPnumerator=\count285
\makeMPintoPDFobject=\count286
\everyMPtoPDFconversion=\toks23
)

[1

{/nix/store/ixrfhnjc03bjj40kmcywkz79phblzy9h-texlive-2024-env/share/texmf-var/fonts/map/pdftex/updmap/pdftex.map}]

[2]

[3]

[4]

[5]

[6] (./math-rw-5.aux)
 ***********
LaTeX2e <2024-06-01> patch level 2
L3 programming layer <2024-10-09>
 ***********
 ) 
Here is how much of TeX's memory you used:
 2113 strings out of 473579
 32031 string characters out of 5705100
 441710 words of memory out of 5000000
 25041 multiletter control sequences out of 15000+600000
 562232 words of font info for 51 fonts, out of 8000000 for 9000
 1141 hyphenation exceptions out of 8191
 56i,11n,65p,250b,199s stack positions out of 10000i,1000n,20000p,200000b,200000s
</nix/store/0jql6cn8jrks2l11dkisx5rl7nggaybg-texlive-2024-env-texmfdist/fonts/type1/public/amsfonts/cm/cmex10.pfb></nix/store/0jql6cn8jrks2l11dkisx5rl7nggaybg-texlive-2024-env-texmfdist/fonts/type1/public/amsfonts/cm/cmmi10.pfb></nix/store/0jql6cn8jrks2l11dkisx5rl7nggaybg-texlive-2024-env-texmfdist/fonts/type1/public/amsfonts/cm/cmmi7.pfb></nix/store/0jql6cn8jrks2l11dkisx5rl7nggaybg-texlive-2024-env-texmfdist/fonts/type1/public/amsfonts/cm/cmr10.pfb></nix/store/0jql6cn8jrks2l11dkisx5rl7nggaybg-texlive-2024-env-texmfdist/fonts/type1/public/amsfonts/cm/cmr12.pfb></nix/store/0jql6cn8jrks2l11dkisx5rl7nggaybg-texlive-2024-env-texmfdist/fonts/type1/public/amsfonts/cm/cmr17.pfb></nix/store/0jql6cn8jrks2l11dkisx5rl7nggaybg-texlive-2024-env-texmfdist/fonts/type1/public/amsfonts/cm/cmr5.pfb></nix/store/0jql6cn8jrks2l11dkisx5rl7nggaybg-texlive-2024-env-texmfdist/fonts/type1/public/amsfonts/cm/cmr7.pfb></nix/store/0jql6cn8jrks2l11dkisx5rl7nggaybg-texlive-2024-env-texmfdist/fonts/type1/public/amsfonts/cm/cmsy10.pfb></nix/store/0jql6cn8jrks2l11dkisx5rl7nggaybg-texlive-2024-env-texmfdist/fonts/type1/public/amsfonts/cm/cmsy7.pfb>
Output written on math-rw-5.pdf (6 pages, 108454 bytes).
PDF statistics:
 73 PDF objects out of 1000 (max. 8388607)
 44 compressed objects within 1 object stream
 0 named destinations out of 1000 (max. 500000)
 1 words of extra memory for PDF output out of 10000 (max. 10000000)

